<?xml version="1.0" encoding="UTF-8"?>
<!-- Generated by org.testng.reporters.JUnitXMLReporter -->
<testsuite ignored="0" hostname="DESKTOP-460CLSS" failures="0" tests="5" name="Default test" time="13.14" errors="0" timestamp="2024-10-26T16:00:14 CDT">
  <testcase classname="UmaTest.NewTest" name="OpenURL" time="4.26"/>
  <testcase classname="UmaTest.NewTest" name="Test1" time="0.168"/>
  <testcase classname="UmaTest.NewTest" name="Test2" time="1.447"/>
  <testcase classname="UmaTest.NewTest" name="Test3" time="5.705"/>
  <testcase classname="UmaTest.NewTest" name="Test4" time="1.476"/>
</testsuite> <!-- Default test -->
