<?xml version="1.0" encoding="UTF-8"?>
<testng-results ignored="0" total="5" passed="5" failed="0" skipped="0">
  <reporter-output>
  </reporter-output>
  <suite started-at="2024-10-26T16:00:01 CDT" name="Default suite" finished-at="2024-10-26T16:00:14 CDT" duration-ms="13140">
    <groups>
    </groups>
    <test started-at="2024-10-26T16:00:01 CDT" name="Default test" finished-at="2024-10-26T16:00:14 CDT" duration-ms="13140">
      <class name="UmaTest.NewTest">
        <test-method signature="OpenURL()[pri:0, instance:UmaTest.NewTest@4135c3b]" started-at="2024-10-26T16:00:01 CDT" name="OpenURL" finished-at="2024-10-26T16:00:05 CDT" duration-ms="4260" status="PASS">
          <reporter-output>
          </reporter-output>
        </test-method> <!-- OpenURL -->
        <test-method signature="Test1()[pri:2, instance:UmaTest.NewTest@4135c3b]" started-at="2024-10-26T16:00:06 CDT" name="Test1" finished-at="2024-10-26T16:00:06 CDT" duration-ms="168" status="PASS">
          <reporter-output>
          </reporter-output>
        </test-method> <!-- Test1 -->
        <test-method signature="Test2()[pri:3, instance:UmaTest.NewTest@4135c3b]" started-at="2024-10-26T16:00:06 CDT" name="Test2" finished-at="2024-10-26T16:00:07 CDT" duration-ms="1447" status="PASS">
          <reporter-output>
          </reporter-output>
        </test-method> <!-- Test2 -->
        <test-method signature="Test3()[pri:4, instance:UmaTest.NewTest@4135c3b]" started-at="2024-10-26T16:00:07 CDT" name="Test3" finished-at="2024-10-26T16:00:13 CDT" duration-ms="5705" status="PASS">
          <reporter-output>
          </reporter-output>
        </test-method> <!-- Test3 -->
        <test-method signature="Test4()[pri:5, instance:UmaTest.NewTest@4135c3b]" started-at="2024-10-26T16:00:13 CDT" name="Test4" finished-at="2024-10-26T16:00:14 CDT" duration-ms="1476" status="PASS">
          <reporter-output>
          </reporter-output>
        </test-method> <!-- Test4 -->
      </class> <!-- UmaTest.NewTest -->
    </test> <!-- Default test -->
  </suite> <!-- Default suite -->
</testng-results>
